[0;36m[+] TikTokAI Music Video Bot Setup[0m
[0;36m[+] ===============================[0m

[0;36m[1/4] Setting up Python virtual environment...[0m
[0;32m[+] Virtual environment already exists[0m

[0;36m[2/4] Installing Python dependencies...[0m
[0;32m[+] Upgrading pip...[0m
[0;32m[+] Installing requirements from requirements.txt...[0m
Requirement already satisfied: moviepy<2.0.0,>=1.0.3 in ./venv/lib/python3.12/site-packages (from -r requirements.txt (line 10)) (1.0.3)
Requirement already satisfied: numpy<2.0.0,>=1.21.0 in ./venv/lib/python3.12/site-packages (from -r requirements.txt (line 11)) (1.26.4)
Requirement already satisfied: pillow<11.0.0,>=9.0.0 in ./venv/lib/python3.12/site-packages (from -r requirements.txt (line 12)) (10.4.0)
Requirement already satisfied: imageio>=2.9.0 in ./venv/lib/python3.12/site-packages (from -r requirements.txt (line 13)) (2.37.2)
Requirement already satisfied: imageio-ffmpeg>=0.4.5 in ./venv/lib/python3.12/site-packages (from -r requirements.txt (line 14)) (0.6.0)
Requirement already satisfied: proglog>=0.1.9 in ./venv/lib/python3.12/site-packages (from -r requirements.txt (line 15)) (0.1.12)
Requirement already satisfied: librosa<1.0.0,>=0.10.0 in ./venv/lib/python3.12/site-packages (from -r requirements.txt (line 20)) (0.11.0)
Requirement already satisfied: soundfile>=0.12.0 in ./venv/lib/python3.12/site-packages (from -r requirements.txt (line 21)) (0.13.1)
Requirement already satisfied: scipy>=1.9.0 in ./venv/lib/python3.12/site-packages (from -r requirements.txt (line 22)) (1.16.3)
Requirement already satisfied: resampy>=0.3.0 in ./venv/lib/python3.12/site-packages (from -r requirements.txt (line 23)) (0.4.3)
Requirement already satisfied: numba>=0.56.0 in ./venv/lib/python3.12/site-packages (from -r requirements.txt (line 24)) (0.63.1)
Requirement already satisfied: setuptools>=65.0.0 in ./venv/lib/python3.12/site-packages (from -r requirements.txt (line 29)) (80.9.0)
Requirement already satisfied: fake-useragent>=1.2.0 in ./venv/lib/python3.12/site-packages (from -r requirements.txt (line 30)) (2.2.0)
Requirement already satisfied: requests-auth-aws-sigv4>=0.6.0 in ./venv/lib/python3.12/site-packages (from -r requirements.txt (line 31)) (0.7)
Requirement already satisfied: undetected-chromedriver>=3.5.0 in ./venv/lib/python3.12/site-packages (from -r requirements.txt (line 32)) (3.5.5)
Requirement already satisfied: selenium<5.0.0,>=4.0.0 in ./venv/lib/python3.12/site-packages (from -r requirements.txt (line 33)) (4.39.0)
Requirement already satisfied: python-dotenv<2.0.0,>=0.19.0 in ./venv/lib/python3.12/site-packages (from -r requirements.txt (line 38)) (1.2.1)
Requirement already satisfied: requests<3.0.0,>=2.28.0 in ./venv/lib/python3.12/site-packages (from -r requirements.txt (line 43)) (2.32.5)
Requirement already satisfied: schedule>=1.2.0 in ./venv/lib/python3.12/site-packages (from -r requirements.txt (line 48)) (1.2.2)
Requirement already satisfied: openai<2.0.0,>=1.0.0 in ./venv/lib/python3.12/site-packages (from -r requirements.txt (line 53)) (1.109.1)
Requirement already satisfied: google-generativeai>=0.3.0 in ./venv/lib/python3.12/site-packages (from -r requirements.txt (line 54)) (0.8.5)
Requirement already satisfied: g4f>=0.1.0 in ./venv/lib/python3.12/site-packages (from -r requirements.txt (line 55)) (6.7.1)
Requirement already satisfied: srt-equalizer>=0.1.0 in ./venv/lib/python3.12/site-packages (from -r requirements.txt (line 60)) (0.1.10)
Requirement already satisfied: assemblyai>=0.15.0 in ./venv/lib/python3.12/site-packages (from -r requirements.txt (line 61)) (0.48.3)
Requirement already satisfied: termcolor>=2.0.0 in ./venv/lib/python3.12/site-packages (from -r requirements.txt (line 71)) (3.2.0)
Requirement already satisfied: psutil>=5.9.0 in ./venv/lib/python3.12/site-packages (from -r requirements.txt (line 72)) (7.1.3)
Requirement already satisfied: decorator<5.0,>=4.0.2 in ./venv/lib/python3.12/site-packages (from moviepy<2.0.0,>=1.0.3->-r requirements.txt (line 10)) (4.4.2)
Requirement already satisfied: tqdm<5.0,>=4.11.2 in ./venv/lib/python3.12/site-packages (from moviepy<2.0.0,>=1.0.3->-r requirements.txt (line 10)) (4.67.1)
Requirement already satisfied: audioread>=2.1.9 in ./venv/lib/python3.12/site-packages (from librosa<1.0.0,>=0.10.0->-r requirements.txt (line 20)) (3.1.0)
Requirement already satisfied: scikit-learn>=1.1.0 in ./venv/lib/python3.12/site-packages (from librosa<1.0.0,>=0.10.0->-r requirements.txt (line 20)) (1.8.0)
Requirement already satisfied: joblib>=1.0 in ./venv/lib/python3.12/site-packages (from librosa<1.0.0,>=0.10.0->-r requirements.txt (line 20)) (1.5.2)
Requirement already satisfied: pooch>=1.1 in ./venv/lib/python3.12/site-packages (from librosa<1.0.0,>=0.10.0->-r requirements.txt (line 20)) (1.8.2)
Requirement already satisfied: soxr>=0.3.2 in ./venv/lib/python3.12/site-packages (from librosa<1.0.0,>=0.10.0->-r requirements.txt (line 20)) (1.0.0)
Requirement already satisfied: typing_extensions>=4.1.1 in ./venv/lib/python3.12/site-packages (from librosa<1.0.0,>=0.10.0->-r requirements.txt (line 20)) (4.15.0)
Requirement already satisfied: lazy_loader>=0.1 in ./venv/lib/python3.12/site-packages (from librosa<1.0.0,>=0.10.0->-r requirements.txt (line 20)) (0.4)
Requirement already satisfied: msgpack>=1.0 in ./venv/lib/python3.12/site-packages (from librosa<1.0.0,>=0.10.0->-r requirements.txt (line 20)) (1.1.2)
Requirement already satisfied: urllib3<3.0,>=2.5.0 in ./venv/lib/python3.12/site-packages (from urllib3[socks]<3.0,>=2.5.0->selenium<5.0.0,>=4.0.0->-r requirements.txt (line 33)) (2.6.2)
Requirement already satisfied: trio<1.0,>=0.31.0 in ./venv/lib/python3.12/site-packages (from selenium<5.0.0,>=4.0.0->-r requirements.txt (line 33)) (0.32.0)
Requirement already satisfied: trio-websocket<1.0,>=0.12.2 in ./venv/lib/python3.12/site-packages (from selenium<5.0.0,>=4.0.0->-r requirements.txt (line 33)) (0.12.2)
Requirement already satisfied: certifi>=2025.10.5 in ./venv/lib/python3.12/site-packages (from selenium<5.0.0,>=4.0.0->-r requirements.txt (line 33)) (2025.11.12)
Requirement already satisfied: websocket-client<2.0,>=1.8.0 in ./venv/lib/python3.12/site-packages (from selenium<5.0.0,>=4.0.0->-r requirements.txt (line 33)) (1.9.0)
Requirement already satisfied: charset_normalizer<4,>=2 in ./venv/lib/python3.12/site-packages (from requests<3.0.0,>=2.28.0->-r requirements.txt (line 43)) (3.4.4)
Requirement already satisfied: idna<4,>=2.5 in ./venv/lib/python3.12/site-packages (from requests<3.0.0,>=2.28.0->-r requirements.txt (line 43)) (3.11)
Requirement already satisfied: anyio<5,>=3.5.0 in ./venv/lib/python3.12/site-packages (from openai<2.0.0,>=1.0.0->-r requirements.txt (line 53)) (4.12.0)
Requirement already satisfied: distro<2,>=1.7.0 in ./venv/lib/python3.12/site-packages (from openai<2.0.0,>=1.0.0->-r requirements.txt (line 53)) (1.9.0)
Requirement already satisfied: httpx<1,>=0.23.0 in ./venv/lib/python3.12/site-packages (from openai<2.0.0,>=1.0.0->-r requirements.txt (line 53)) (0.28.1)
Requirement already satisfied: jiter<1,>=0.4.0 in ./venv/lib/python3.12/site-packages (from openai<2.0.0,>=1.0.0->-r requirements.txt (line 53)) (0.12.0)
Requirement already satisfied: pydantic<3,>=1.9.0 in ./venv/lib/python3.12/site-packages (from openai<2.0.0,>=1.0.0->-r requirements.txt (line 53)) (2.12.5)
Requirement already satisfied: sniffio in ./venv/lib/python3.12/site-packages (from openai<2.0.0,>=1.0.0->-r requirements.txt (line 53)) (1.3.1)
Requirement already satisfied: httpcore==1.* in ./venv/lib/python3.12/site-packages (from httpx<1,>=0.23.0->openai<2.0.0,>=1.0.0->-r requirements.txt (line 53)) (1.0.9)
Requirement already satisfied: h11>=0.16 in ./venv/lib/python3.12/site-packages (from httpcore==1.*->httpx<1,>=0.23.0->openai<2.0.0,>=1.0.0->-r requirements.txt (line 53)) (0.16.0)
Requirement already satisfied: annotated-types>=0.6.0 in ./venv/lib/python3.12/site-packages (from pydantic<3,>=1.9.0->openai<2.0.0,>=1.0.0->-r requirements.txt (line 53)) (0.7.0)
Requirement already satisfied: pydantic-core==2.41.5 in ./venv/lib/python3.12/site-packages (from pydantic<3,>=1.9.0->openai<2.0.0,>=1.0.0->-r requirements.txt (line 53)) (2.41.5)
Requirement already satisfied: typing-inspection>=0.4.2 in ./venv/lib/python3.12/site-packages (from pydantic<3,>=1.9.0->openai<2.0.0,>=1.0.0->-r requirements.txt (line 53)) (0.4.2)
Requirement already satisfied: attrs>=23.2.0 in ./venv/lib/python3.12/site-packages (from trio<1.0,>=0.31.0->selenium<5.0.0,>=4.0.0->-r requirements.txt (line 33)) (25.4.0)
Requirement already satisfied: sortedcontainers in ./venv/lib/python3.12/site-packages (from trio<1.0,>=0.31.0->selenium<5.0.0,>=4.0.0->-r requirements.txt (line 33)) (2.4.0)
Requirement already satisfied: outcome in ./venv/lib/python3.12/site-packages (from trio<1.0,>=0.31.0->selenium<5.0.0,>=4.0.0->-r requirements.txt (line 33)) (1.3.0.post0)
Requirement already satisfied: wsproto>=0.14 in ./venv/lib/python3.12/site-packages (from trio-websocket<1.0,>=0.12.2->selenium<5.0.0,>=4.0.0->-r requirements.txt (line 33)) (1.3.2)
Requirement already satisfied: pysocks!=1.5.7,<2.0,>=1.5.6 in ./venv/lib/python3.12/site-packages (from urllib3[socks]<3.0,>=2.5.0->selenium<5.0.0,>=4.0.0->-r requirements.txt (line 33)) (1.7.1)
Requirement already satisfied: cffi>=1.0 in ./venv/lib/python3.12/site-packages (from soundfile>=0.12.0->-r requirements.txt (line 21)) (2.0.0)
Requirement already satisfied: llvmlite<0.47,>=0.46.0dev0 in ./venv/lib/python3.12/site-packages (from numba>=0.56.0->-r requirements.txt (line 24)) (0.46.0)
Requirement already satisfied: websockets in ./venv/lib/python3.12/site-packages (from undetected-chromedriver>=3.5.0->-r requirements.txt (line 32)) (15.0.1)
Requirement already satisfied: google-ai-generativelanguage==0.6.15 in ./venv/lib/python3.12/site-packages (from google-generativeai>=0.3.0->-r requirements.txt (line 54)) (0.6.15)
Requirement already satisfied: google-api-core in ./venv/lib/python3.12/site-packages (from google-generativeai>=0.3.0->-r requirements.txt (line 54)) (2.28.1)
Requirement already satisfied: google-api-python-client in ./venv/lib/python3.12/site-packages (from google-generativeai>=0.3.0->-r requirements.txt (line 54)) (2.187.0)
Requirement already satisfied: google-auth>=2.15.0 in ./venv/lib/python3.12/site-packages (from google-generativeai>=0.3.0->-r requirements.txt (line 54)) (2.43.0)
Requirement already satisfied: protobuf in ./venv/lib/python3.12/site-packages (from google-generativeai>=0.3.0->-r requirements.txt (line 54)) (5.29.5)
Requirement already satisfied: proto-plus<2.0.0dev,>=1.22.3 in ./venv/lib/python3.12/site-packages (from google-ai-generativelanguage==0.6.15->google-generativeai>=0.3.0->-r requirements.txt (line 54)) (1.26.1)
Requirement already satisfied: googleapis-common-protos<2.0.0,>=1.56.2 in ./venv/lib/python3.12/site-packages (from google-api-core->google-generativeai>=0.3.0->-r requirements.txt (line 54)) (1.72.0)
Requirement already satisfied: grpcio<2.0.0,>=1.33.2 in ./venv/lib/python3.12/site-packages (from google-api-core[grpc]!=2.0.*,!=2.1.*,!=2.10.*,!=2.2.*,!=2.3.*,!=2.4.*,!=2.5.*,!=2.6.*,!=2.7.*,!=2.8.*,!=2.9.*,<3.0.0dev,>=1.34.1->google-ai-generativelanguage==0.6.15->google-generativeai>=0.3.0->-r requirements.txt (line 54)) (1.76.0)
Requirement already satisfied: grpcio-status<2.0.0,>=1.33.2 in ./venv/lib/python3.12/site-packages (from google-api-core[grpc]!=2.0.*,!=2.1.*,!=2.10.*,!=2.2.*,!=2.3.*,!=2.4.*,!=2.5.*,!=2.6.*,!=2.7.*,!=2.8.*,!=2.9.*,<3.0.0dev,>=1.34.1->google-ai-generativelanguage==0.6.15->google-generativeai>=0.3.0->-r requirements.txt (line 54)) (1.71.2)
Requirement already satisfied: cachetools<7.0,>=2.0.0 in ./venv/lib/python3.12/site-packages (from google-auth>=2.15.0->google-generativeai>=0.3.0->-r requirements.txt (line 54)) (6.2.3)
Requirement already satisfied: pyasn1-modules>=0.2.1 in ./venv/lib/python3.12/site-packages (from google-auth>=2.15.0->google-generativeai>=0.3.0->-r requirements.txt (line 54)) (0.4.2)
Requirement already satisfied: rsa<5,>=3.1.4 in ./venv/lib/python3.12/site-packages (from google-auth>=2.15.0->google-generativeai>=0.3.0->-r requirements.txt (line 54)) (4.9.1)
Requirement already satisfied: pyasn1>=0.1.3 in ./venv/lib/python3.12/site-packages (from rsa<5,>=3.1.4->google-auth>=2.15.0->google-generativeai>=0.3.0->-r requirements.txt (line 54)) (0.6.1)
Requirement already satisfied: aiohttp in ./venv/lib/python3.12/site-packages (from g4f>=0.1.0->-r requirements.txt (line 55)) (3.13.2)
Requirement already satisfied: brotli in ./venv/lib/python3.12/site-packages (from g4f>=0.1.0->-r requirements.txt (line 55)) (1.2.0)
Requirement already satisfied: pycryptodome in ./venv/lib/python3.12/site-packages (from g4f>=0.1.0->-r requirements.txt (line 55)) (3.23.0)
Requirement already satisfied: nest_asyncio in ./venv/lib/python3.12/site-packages (from g4f>=0.1.0->-r requirements.txt (line 55)) (1.6.0)
Requirement already satisfied: srt<4.0.0,>=3.5.3 in ./venv/lib/python3.12/site-packages (from srt-equalizer>=0.1.0->-r requirements.txt (line 60)) (3.5.3)
Requirement already satisfied: pycparser in ./venv/lib/python3.12/site-packages (from cffi>=1.0->soundfile>=0.12.0->-r requirements.txt (line 21)) (2.23)
Requirement already satisfied: packaging in ./venv/lib/python3.12/site-packages (from lazy_loader>=0.1->librosa<1.0.0,>=0.10.0->-r requirements.txt (line 20)) (25.0)
Requirement already satisfied: platformdirs>=2.5.0 in ./venv/lib/python3.12/site-packages (from pooch>=1.1->librosa<1.0.0,>=0.10.0->-r requirements.txt (line 20)) (4.5.1)
Requirement already satisfied: threadpoolctl>=3.2.0 in ./venv/lib/python3.12/site-packages (from scikit-learn>=1.1.0->librosa<1.0.0,>=0.10.0->-r requirements.txt (line 20)) (3.6.0)
Requirement already satisfied: aiohappyeyeballs>=2.5.0 in ./venv/lib/python3.12/site-packages (from aiohttp->g4f>=0.1.0->-r requirements.txt (line 55)) (2.6.1)
Requirement already satisfied: aiosignal>=1.4.0 in ./venv/lib/python3.12/site-packages (from aiohttp->g4f>=0.1.0->-r requirements.txt (line 55)) (1.4.0)
Requirement already satisfied: frozenlist>=1.1.1 in ./venv/lib/python3.12/site-packages (from aiohttp->g4f>=0.1.0->-r requirements.txt (line 55)) (1.8.0)
Requirement already satisfied: multidict<7.0,>=4.5 in ./venv/lib/python3.12/site-packages (from aiohttp->g4f>=0.1.0->-r requirements.txt (line 55)) (6.7.0)
Requirement already satisfied: propcache>=0.2.0 in ./venv/lib/python3.12/site-packages (from aiohttp->g4f>=0.1.0->-r requirements.txt (line 55)) (0.4.1)
Requirement already satisfied: yarl<2.0,>=1.17.0 in ./venv/lib/python3.12/site-packages (from aiohttp->g4f>=0.1.0->-r requirements.txt (line 55)) (1.22.0)
Requirement already satisfied: httplib2<1.0.0,>=0.19.0 in ./venv/lib/python3.12/site-packages (from google-api-python-client->google-generativeai>=0.3.0->-r requirements.txt (line 54)) (0.31.0)
Requirement already satisfied: google-auth-httplib2<1.0.0,>=0.2.0 in ./venv/lib/python3.12/site-packages (from google-api-python-client->google-generativeai>=0.3.0->-r requirements.txt (line 54)) (0.2.1)
Requirement already satisfied: uritemplate<5,>=3.0.1 in ./venv/lib/python3.12/site-packages (from google-api-python-client->google-generativeai>=0.3.0->-r requirements.txt (line 54)) (4.2.0)
Requirement already satisfied: pyparsing<4,>=3.0.4 in ./venv/lib/python3.12/site-packages (from httplib2<1.0.0,>=0.19.0->google-api-python-client->google-generativeai>=0.3.0->-r requirements.txt (line 54)) (3.2.5)

[0;36m[3/4] Installing Node.js dependencies...[0m
[0;32m[+] Installing dependencies with bun...[0m
bun install v1.3.2 (b131639c)

Checked 2 installs across 3 packages (no changes) [29.00ms]

[0;36m[4/4] Checking configuration...[0m
[0;32m[+] Creating necessary directories...[0m

[0;36m[5/5] Checking TikTok login status...[0m
[1;33m[!] No login session found for user: 13pmmedia[0m
[1;33m[!] Running login script...[0m
[0;36m[!] Please complete the login in the browser window that opens[0m

Logging in... Cookie will be saved as '13pmmedia'
User not found on system.
Traceback (most recent call last):
  File "/Users/jonathangan/Desktop/Code/Tiktokbot/login.py", line 19, in <module>
    tiktok.login(args.name)
  File "/Users/jonathangan/Desktop/Code/Tiktokbot/tiktok_uploader/tiktok.py", line 39, in login
    for cookie in browser.driver.get_cookies():
                  ^^^^^^^^^^^^^^^^^^^^^^^^^^^^
  File "/Users/jonathangan/Desktop/Code/Tiktokbot/venv/lib/python3.12/site-packages/selenium/webdriver/remote/webdriver.py", line 636, in get_cookies
    return self.execute(Command.GET_ALL_COOKIES)["value"]
           ^^^^^^^^^^^^^^^^^^^^^^^^^^^^^^^^^^^^^
  File "/Users/jonathangan/Desktop/Code/Tiktokbot/venv/lib/python3.12/site-packages/selenium/webdriver/remote/webdriver.py", line 432, in execute
    self.error_handler.check_response(response)
  File "/Users/jonathangan/Desktop/Code/Tiktokbot/venv/lib/python3.12/site-packages/selenium/webdriver/remote/errorhandler.py", line 232, in check_response
    raise exception_class(message, screen, stacktrace)
selenium.common.exceptions.InvalidSessionIdException: Message: invalid session id: session deleted as the browser has closed the connection
from disconnected: Unable to receive message from renderer
  (Session info: chrome=143.0.7499.41); For documentation on this error, please visit: https://www.selenium.dev/documentation/webdriver/troubleshooting/errors#invalidsessionidexception
Stacktrace:
0   undetected_chromedriver             0x00000001009955e8 undetected_chromedriver + 6596072
1   undetected_chromedriver             0x000000010098cc9a undetected_chromedriver + 6560922
2   undetected_chromedriver             0x00000001003b5c3b undetected_chromedriver + 437307
3   undetected_chromedriver             0x000000010039d8bf undetected_chromedriver + 338111
4   undetected_chromedriver             0x000000010039d5ed undetected_chromedriver + 337389
5   undetected_chromedriver             0x000000010039b4f9 undetected_chromedriver + 328953
6   undetected_chromedriver             0x000000010039bdcf undetected_chromedriver + 331215
7   undetected_chromedriver             0x00000001003c30c9 undetected_chromedriver + 491721
8   undetected_chromedriver             0x00000001004661f5 undetected_chromedriver + 1159669
9   undetected_chromedriver             0x0000000100465f65 undetected_chromedriver + 1159013
10  undetected_chromedriver             0x00000001004552ba undetected_chromedriver + 1090234
11  undetected_chromedriver             0x00000001003f9fc7 undetected_chromedriver + 716743
12  undetected_chromedriver             0x00000001003fac91 undetected_chromedriver + 720017
13  undetected_chromedriver             0x0000000100952711 undetected_chromedriver + 6321937
14  undetected_chromedriver             0x0000000100956b70 undetected_chromedriver + 6339440
15  undetected_chromedriver             0x000000010092d2e3 undetected_chromedriver + 6169315
16  undetected_chromedriver             0x00000001009575e5 undetected_chromedriver + 6342117
17  undetected_chromedriver             0x000000010091bf61 undetected_chromedriver + 6098785
18  undetected_chromedriver             0x0000000100979b38 undetected_chromedriver + 6482744
19  undetected_chromedriver             0x0000000100979cf3 undetected_chromedriver + 6483187
20  undetected_chromedriver             0x000000010098c89c undetected_chromedriver + 6559900
21  libsystem_pthread.dylib             0x00007ff80da3ee4d _pthread_start + 115
22  libsystem_pthread.dylib             0x00007ff80da3a857 thread_start + 15

